D:\C++ CODE\SOURCECODE\DEBUG\PARENTPIPE.EXE
D:\C++ CODE\SOURCECODE\DEBUG\PARENTPIPE.ILK
D:\C++ CODE\SOURCECODE\DEBUG\PARENTPIPE.PDB
D:\C++ CODE\SOURCECODE\DEBUG\PIPEPARENT.EXE
D:\C++ CODE\SOURCECODE\DEBUG\PIPEPARENT.ILK
D:\C++ CODE\SOURCECODE\DEBUG\PIPEPARENT.PDB
D:\C++ code\SourceCode\ParentPipe\Debug\cl.command.1.tlog
D:\C++ code\SourceCode\ParentPipe\Debug\CL.read.1.tlog
D:\C++ code\SourceCode\ParentPipe\Debug\CL.write.1.tlog
D:\C++ code\SourceCode\ParentPipe\Debug\link.command.1.tlog
D:\C++ code\SourceCode\ParentPipe\Debug\link.read.1.tlog
D:\C++ code\SourceCode\ParentPipe\Debug\link.write.1.tlog
D:\C++ code\SourceCode\ParentPipe\Debug\link-cvtres.read.1.tlog
D:\C++ code\SourceCode\ParentPipe\Debug\link-cvtres.write.1.tlog
D:\C++ CODE\SOURCECODE\PARENTPIPE\DEBUG\MAINFRM.OBJ
D:\C++ code\SourceCode\ParentPipe\Debug\mt.command.1.tlog
D:\C++ code\SourceCode\ParentPipe\Debug\mt.read.1.tlog
D:\C++ code\SourceCode\ParentPipe\Debug\mt.write.1.tlog
D:\C++ CODE\SOURCECODE\PARENTPIPE\DEBUG\PARENTPIPE.EXE.EMBED.MANIFEST
D:\C++ CODE\SOURCECODE\PARENTPIPE\DEBUG\PARENTPIPE.EXE.EMBED.MANIFEST.RES
D:\C++ CODE\SOURCECODE\PARENTPIPE\DEBUG\PARENTPIPE.EXE.INTERMEDIATE.MANIFEST
D:\C++ CODE\SOURCECODE\PARENTPIPE\DEBUG\PARENTPIPE.OBJ
D:\C++ CODE\SOURCECODE\PARENTPIPE\DEBUG\PARENTPIPE.PCH
D:\C++ CODE\SOURCECODE\PARENTPIPE\DEBUG\PARENTPIPE.RES
D:\C++ code\SourceCode\ParentPipe\Debug\ParentPipe_manifest.rc
D:\C++ CODE\SOURCECODE\PARENTPIPE\DEBUG\PARENTPIPEDOC.OBJ
D:\C++ CODE\SOURCECODE\PARENTPIPE\DEBUG\PARENTPIPEVIEW.OBJ
D:\C++ CODE\SOURCECODE\PARENTPIPE\DEBUG\PIPEPARENT.EXE.EMBED.MANIFEST
D:\C++ CODE\SOURCECODE\PARENTPIPE\DEBUG\PIPEPARENT.EXE.EMBED.MANIFEST.RES
D:\C++ CODE\SOURCECODE\PARENTPIPE\DEBUG\PIPEPARENT.EXE.INTERMEDIATE.MANIFEST
D:\C++ CODE\SOURCECODE\PARENTPIPE\DEBUG\PIPEPARENT.PCH
D:\C++ code\SourceCode\ParentPipe\Debug\PipeParent_manifest.rc
D:\C++ code\SourceCode\ParentPipe\Debug\rc.command.1.tlog
D:\C++ code\SourceCode\ParentPipe\Debug\rc.read.1.tlog
D:\C++ code\SourceCode\ParentPipe\Debug\rc.write.1.tlog
D:\C++ CODE\SOURCECODE\PARENTPIPE\DEBUG\STDAFX.OBJ
D:\C++ code\SourceCode\ParentPipe\Debug\vc100.idb
D:\C++ CODE\SOURCECODE\PARENTPIPE\DEBUG\VC100.PDB
