D:\C++ CODE\SOURCECODE\CHILDPIPE\DEBUG\CHILDPIPE.EXE.EMBED.MANIFEST
D:\C++ CODE\SOURCECODE\CHILDPIPE\DEBUG\CHILDPIPE.EXE.EMBED.MANIFEST.RES
D:\C++ CODE\SOURCECODE\CHILDPIPE\DEBUG\CHILDPIPE.EXE.INTERMEDIATE.MANIFEST
D:\C++ CODE\SOURCECODE\CHILDPIPE\DEBUG\CHILDPIPE.OBJ
D:\C++ CODE\SOURCECODE\CHILDPIPE\DEBUG\CHILDPIPE.PCH
D:\C++ CODE\SOURCECODE\CHILDPIPE\DEBUG\CHILDPIPE.RES
D:\C++ code\SourceCode\ChildPipe\Debug\ChildPipe_manifest.rc
D:\C++ CODE\SOURCECODE\CHILDPIPE\DEBUG\CHILDPIPEDOC.OBJ
D:\C++ CODE\SOURCECODE\CHILDPIPE\DEBUG\CHILDPIPEVIEW.OBJ
D:\C++ code\SourceCode\ChildPipe\Debug\cl.command.1.tlog
D:\C++ code\SourceCode\ChildPipe\Debug\CL.read.1.tlog
D:\C++ code\SourceCode\ChildPipe\Debug\CL.write.1.tlog
D:\C++ code\SourceCode\ChildPipe\Debug\link.command.1.tlog
D:\C++ code\SourceCode\ChildPipe\Debug\link.read.1.tlog
D:\C++ code\SourceCode\ChildPipe\Debug\link.write.1.tlog
D:\C++ code\SourceCode\ChildPipe\Debug\link-cvtres.read.1.tlog
D:\C++ code\SourceCode\ChildPipe\Debug\link-cvtres.write.1.tlog
D:\C++ CODE\SOURCECODE\CHILDPIPE\DEBUG\MAINFRM.OBJ
D:\C++ code\SourceCode\ChildPipe\Debug\mt.command.1.tlog
D:\C++ code\SourceCode\ChildPipe\Debug\mt.read.1.tlog
D:\C++ code\SourceCode\ChildPipe\Debug\mt.write.1.tlog
D:\C++ CODE\SOURCECODE\CHILDPIPE\DEBUG\PIPECHILD.EXE.EMBED.MANIFEST
D:\C++ CODE\SOURCECODE\CHILDPIPE\DEBUG\PIPECHILD.EXE.EMBED.MANIFEST.RES
D:\C++ CODE\SOURCECODE\CHILDPIPE\DEBUG\PIPECHILD.EXE.INTERMEDIATE.MANIFEST
D:\C++ CODE\SOURCECODE\CHILDPIPE\DEBUG\PIPECHILD.PCH
D:\C++ code\SourceCode\ChildPipe\Debug\PipeChild_manifest.rc
D:\C++ code\SourceCode\ChildPipe\Debug\rc.command.1.tlog
D:\C++ code\SourceCode\ChildPipe\Debug\rc.read.1.tlog
D:\C++ code\SourceCode\ChildPipe\Debug\rc.write.1.tlog
D:\C++ CODE\SOURCECODE\CHILDPIPE\DEBUG\STDAFX.OBJ
D:\C++ code\SourceCode\ChildPipe\Debug\vc100.idb
D:\C++ CODE\SOURCECODE\CHILDPIPE\DEBUG\VC100.PDB
D:\C++ CODE\SOURCECODE\DEBUG\CHILDPIPE.EXE
D:\C++ CODE\SOURCECODE\DEBUG\CHILDPIPE.ILK
D:\C++ CODE\SOURCECODE\DEBUG\CHILDPIPE.PDB
D:\C++ CODE\SOURCECODE\DEBUG\PIPECHILD.EXE
D:\C++ CODE\SOURCECODE\DEBUG\PIPECHILD.ILK
D:\C++ CODE\SOURCECODE\DEBUG\PIPECHILD.PDB
